Using pre-set license
Built from '2020.3/release' branch; Version is '2020.3.12f1 (b3b2c6512326) revision 11776710'; Using compiler version '192528614'; Build Type 'Release'
OS: 'Windows 10 Home; OS build 22593.1; Version 2009; 64bit' Language: 'fr' Physical Memory: 16330 MB
BatchMode: 1, IsHumanControllingUs: 0, StartBugReporterOnCrash: 0, Is64bit: 1, IsPro: 0

 COMMAND LINE ARGUMENTS:
C:\Program Files\Unity\Hub\Editor\2020.3.12f1\Editor\Unity.exe
-adb2
-batchMode
-noUpm
-name
AssetImportWorker0
-projectPath
C:/Users/damie/Desktop/git/WorkBookGame/WorkBook
-logFile
Logs/AssetImportWorker0.log
-srvPort
60812
Successfully changed project path to: C:/Users/damie/Desktop/git/WorkBookGame/WorkBook
C:/Users/damie/Desktop/git/WorkBookGame/WorkBook
Using Asset Import Pipeline V2.
Refreshing native plugins compatible for Editor in 64.75 ms, found 3 plugins.
Preloading 0 native plugins for Editor in 0.00 ms.
Initialize engine version: 2020.3.12f1 (b3b2c6512326)
[Subsystems] Discovering subsystems at path C:/Program Files/Unity/Hub/Editor/2020.3.12f1/Editor/Data/Resources/UnitySubsystems
[Subsystems] Discovering subsystems at path C:/Users/damie/Desktop/git/WorkBookGame/WorkBook/Assets
GfxDevice: creating device client; threaded=0
Direct3D:
    Version:  Direct3D 11.0 [level 11.1]
    Renderer: NVIDIA GeForce RTX 2070 SUPER (ID=0x1e84)
    Vendor:   
    VRAM:     8012 MB
    Driver:   30.0.15.1215
Shader 'Universal Render Pipeline/Particles/Lit': fallback shader 'Universal Render Pipeline/Particles/SimpleLit' not found
Initialize mono
Mono path[0] = 'C:/Program Files/Unity/Hub/Editor/2020.3.12f1/Editor/Data/Managed'
Mono path[1] = 'C:/Program Files/Unity/Hub/Editor/2020.3.12f1/Editor/Data/MonoBleedingEdge/lib/mono/unityjit'
Mono config path = 'C:/Program Files/Unity/Hub/Editor/2020.3.12f1/Editor/Data/MonoBleedingEdge/etc'
Using monoOptions --debugger-agent=transport=dt_socket,embedding=1,server=y,suspend=n,address=127.0.0.1:56572
Begin MonoManager ReloadAssembly
Registering precompiled unity dll's ...
Register platform support module: C:/Program Files/Unity/Hub/Editor/2020.3.12f1/Editor/Data/PlaybackEngines/WindowsStandaloneSupport/UnityEditor.WindowsStandalone.Extensions.dll
Registered in 0.001540 seconds.
Native extension for WindowsStandalone target not found
Refreshing native plugins compatible for Editor in 64.66 ms, found 3 plugins.
Preloading 0 native plugins for Editor in 0.00 ms.
Mono: successfully reloaded assembly
- Completed reload, in  0.914 seconds
Platform modules already initialized, skipping
Registering precompiled user dll's ...
Registered in 0.004086 seconds.
Begin MonoManager ReloadAssembly
Native extension for WindowsStandalone target not found
Refreshing native plugins compatible for Editor in 62.87 ms, found 3 plugins.
Preloading 0 native plugins for Editor in 0.00 ms.
Mono: successfully reloaded assembly
- Completed reload, in  1.023 seconds
Platform modules already initialized, skipping
========================================================================
Worker process is ready to serve import requests
Shader 'Universal Render Pipeline/Particles/Lit': fallback shader 'Universal Render Pipeline/Particles/SimpleLit' not found
Launched and connected shader compiler UnityShaderCompiler.exe after 0.03 seconds
Refreshing native plugins compatible for Editor in 1.48 ms, found 3 plugins.
Preloading 0 native plugins for Editor in 0.00 ms.
Unloading 3508 Unused Serialized files (Serialized files now loaded: 0)
System memory in use before: 155.5 MB.
System memory in use after: 155.7 MB.

Unloading 29 unused Assets to reduce memory usage. Loaded Objects now: 3946.
Total: 4.587700 ms (FindLiveObjects: 0.463400 ms CreateObjectMapping: 0.106200 ms MarkObjects: 3.902600 ms  DeleteObjects: 0.111700 ms)

AssetImportParameters requested are different than current active one (requested -> active):
  custom:framework-win-MediaFoundation: 216162199b28c13a410421893ffa2e32 -> 
  custom:video-decoder-ogg-theora: a1e56fd34408186e4bbccfd4996cb3dc -> 
  custom:container-muxer-webm: aa71ff27fc2769a1b78a27578f13a17b -> 
  custom:container-demuxer-webm: 4f35f7cbe854078d1ac9338744f61a02 -> 
  custom:container-demuxer-ogg: 62fdf1f143b41e24485cea50d1cbac27 -> 
  custom:video-encoder-webm-vp8: eb34c28f22e8b96e1ab97ce403110664 -> 
  custom:video-decoder-webm-vp8: 9c59270c3fd7afecdb556c50c9e8de78 -> 
  custom:audio-decoder-ogg-vorbis: bf7c407c2cedff20999df2af8eb42d56 -> 
  custom:audio-encoder-webm-vorbis: bf7c407c2cedff20999df2af8eb42d56 -> 
========================================================================
Received Import Request.
  path: Assets/Assets.index
  artifactKey: Guid(8fcf6b62f857482498b0f186d49e6874) Importer(815301076,1909f56bfc062723c751e8b465ee728b)
Start importing Assets/Assets.index using Guid(8fcf6b62f857482498b0f186d49e6874) Importer(815301076,1909f56bfc062723c751e8b465ee728b)  -> (artifact id: '26b10c7510b52e08a915f2cc2b0f0d9f') in 0.075640 seconds 
  Import took 0.081672 seconds .

========================================================================
Received Import Request.
  Time since last request: 0.000376 seconds.
  path: Assets/MainMixer.mixer
  artifactKey: Guid(7ba28c85c8d1e754eb45fa446c61582d) Importer(815301076,1909f56bfc062723c751e8b465ee728b)
Start importing Assets/MainMixer.mixer using Guid(7ba28c85c8d1e754eb45fa446c61582d) Importer(815301076,1909f56bfc062723c751e8b465ee728b)  -> (artifact id: '24e709cdb572ace1ff7b55efc480d47a') in 0.009659 seconds 
  Import took 0.014444 seconds .

========================================================================
Received Import Request.
  Time since last request: 22.851080 seconds.
  path: Assets/Scenes/3D Scene/LightingData.asset
  artifactKey: Guid(211b7fa8bbc670e4089bbed907767506) Importer(815301076,1909f56bfc062723c751e8b465ee728b)
Start importing Assets/Scenes/3D Scene/LightingData.asset using Guid(211b7fa8bbc670e4089bbed907767506) Importer(815301076,1909f56bfc062723c751e8b465ee728b)  -> (artifact id: '6813c38d8294b7061822d284ac5cf520') in 0.008853 seconds 
  Import took 0.014159 seconds .

========================================================================
Received Import Request.
  Time since last request: 0.000232 seconds.
  path: Assets/Scenes/3D Scene/ReflectionProbe-0.exr
  artifactKey: Guid(9e4c6611052b4f44cbe6836f456afd44) Importer(815301076,1909f56bfc062723c751e8b465ee728b)
Start importing Assets/Scenes/3D Scene/ReflectionProbe-0.exr using Guid(9e4c6611052b4f44cbe6836f456afd44) Importer(815301076,1909f56bfc062723c751e8b465ee728b)  -> (artifact id: '0ccc3cca2c987cc9b606c9038eb1b629') in 0.067349 seconds 
  Import took 0.071688 seconds .

========================================================================
Received Import Request.
  Time since last request: 0.000188 seconds.
  path: Assets/Scenes/3D Scene/Lightmap-3_comp_light.exr
  artifactKey: Guid(db1a11649ee1e704094561ea4e0f846f) Importer(815301076,1909f56bfc062723c751e8b465ee728b)
Start importing Assets/Scenes/3D Scene/Lightmap-3_comp_light.exr using Guid(db1a11649ee1e704094561ea4e0f846f) Importer(815301076,1909f56bfc062723c751e8b465ee728b)  -> (artifact id: '0d99e37a99bb4a70d3676fc49151ac0b') in 0.016613 seconds 
  Import took 0.021088 seconds .

========================================================================
Received Import Request.
  Time since last request: 0.000243 seconds.
  path: Assets/Scenes/3D Scene/Lightmap-0_comp_light.exr
  artifactKey: Guid(dd6e6233ef428bf4285db5ec5f7e080f) Importer(815301076,1909f56bfc062723c751e8b465ee728b)
Start importing Assets/Scenes/3D Scene/Lightmap-0_comp_light.exr using Guid(dd6e6233ef428bf4285db5ec5f7e080f) Importer(815301076,1909f56bfc062723c751e8b465ee728b)  -> (artifact id: 'e72931a2c8004babde531fc1f55ae46e') in 0.009524 seconds 
  Import took 0.014883 seconds .

========================================================================
Received Import Request.
  Time since last request: 0.000189 seconds.
  path: Assets/Scenes/3D Scene/ReflectionProbe-1.exr
  artifactKey: Guid(f8dba012e5d8e4d48927413d677a9042) Importer(815301076,1909f56bfc062723c751e8b465ee728b)
Start importing Assets/Scenes/3D Scene/ReflectionProbe-1.exr using Guid(f8dba012e5d8e4d48927413d677a9042) Importer(815301076,1909f56bfc062723c751e8b465ee728b)  -> (artifact id: 'e9cfd9c64ddc9014565334854b9e40d6') in 0.011961 seconds 
  Import took 0.016647 seconds .

========================================================================
Received Import Request.
  Time since last request: 0.000190 seconds.
  path: Assets/Scenes/3D Scene/Lightmap-4_comp_light.exr
  artifactKey: Guid(b11a8b9de9213124792d9b7573762dc4) Importer(815301076,1909f56bfc062723c751e8b465ee728b)
Start importing Assets/Scenes/3D Scene/Lightmap-4_comp_light.exr using Guid(b11a8b9de9213124792d9b7573762dc4) Importer(815301076,1909f56bfc062723c751e8b465ee728b)  -> (artifact id: 'c96a8c3ea6efa4a2b091e9f563ac0222') in 0.009618 seconds 
  Import took 0.014697 seconds .

========================================================================
Received Import Request.
  Time since last request: 0.000175 seconds.
  path: Assets/Scenes/3D Scene/Lightmap-2_comp_light.exr
  artifactKey: Guid(3b2083e8a5d3b00489355c9454bbd153) Importer(815301076,1909f56bfc062723c751e8b465ee728b)
Start importing Assets/Scenes/3D Scene/Lightmap-2_comp_light.exr using Guid(3b2083e8a5d3b00489355c9454bbd153) Importer(815301076,1909f56bfc062723c751e8b465ee728b)  -> (artifact id: 'dddddb9f4f889fa426afaa26986197f9') in 0.009229 seconds 
  Import took 0.013937 seconds .

========================================================================
Received Import Request.
  Time since last request: 0.000213 seconds.
  path: Assets/Scenes/3D Scene/Lightmap-1_comp_light.exr
  artifactKey: Guid(30033872a64615249bf544c7fabd3141) Importer(815301076,1909f56bfc062723c751e8b465ee728b)
Start importing Assets/Scenes/3D Scene/Lightmap-1_comp_light.exr using Guid(30033872a64615249bf544c7fabd3141) Importer(815301076,1909f56bfc062723c751e8b465ee728b)  -> (artifact id: '2597e7b4c3400e334c468e44f8016570') in 0.010437 seconds 
  Import took 0.015769 seconds .

========================================================================
Received Import Request.
  Time since last request: 2.124617 seconds.
  path: Assets/Scenes/StartScene.unity
  artifactKey: Guid(adcd92cdc59cc3646bef0144fe0afdcf) Importer(815301076,1909f56bfc062723c751e8b465ee728b)
Start importing Assets/Scenes/StartScene.unity using Guid(adcd92cdc59cc3646bef0144fe0afdcf) Importer(815301076,1909f56bfc062723c751e8b465ee728b)  -> (artifact id: '9f7bdafb44818754d348465ef39cb7df') in 0.005460 seconds 
  Import took 0.010412 seconds .

========================================================================
Received Import Request.
  Time since last request: 0.004521 seconds.
  path: Assets/Scenes/StartScene.unity
  artifactKey: Guid(adcd92cdc59cc3646bef0144fe0afdcf) Importer(815301076,1909f56bfc062723c751e8b465ee728b)
Start importing Assets/Scenes/StartScene.unity using Guid(adcd92cdc59cc3646bef0144fe0afdcf) Importer(815301076,1909f56bfc062723c751e8b465ee728b)  -> (artifact id: '9f7bdafb44818754d348465ef39cb7df') in 0.002362 seconds 
  Import took 0.006457 seconds .

========================================================================
Received Import Request.
  Time since last request: 28.356247 seconds.
  path: Assets/Scenes/3D Scene.unity
  artifactKey: Guid(6966f9b36788a77419e93eb741654b2c) Importer(815301076,1909f56bfc062723c751e8b465ee728b)
Start importing Assets/Scenes/3D Scene.unity using Guid(6966f9b36788a77419e93eb741654b2c) Importer(815301076,1909f56bfc062723c751e8b465ee728b)  -> (artifact id: '829d90f06c47536191c1345df7676bfc') in 0.005582 seconds 
  Import took 0.010862 seconds .

========================================================================
Received Import Request.
  Time since last request: 0.000475 seconds.
  path: Assets/Scenes/3D Scene.unity
  artifactKey: Guid(6966f9b36788a77419e93eb741654b2c) Importer(815301076,1909f56bfc062723c751e8b465ee728b)
Start importing Assets/Scenes/3D Scene.unity using Guid(6966f9b36788a77419e93eb741654b2c) Importer(815301076,1909f56bfc062723c751e8b465ee728b)  -> (artifact id: '829d90f06c47536191c1345df7676bfc') in 0.002132 seconds 
  Import took 0.006250 seconds .

========================================================================
Received Prepare
Registering precompiled user dll's ...
Registered in 0.004693 seconds.
Begin MonoManager ReloadAssembly
Native extension for WindowsStandalone target not found
Refreshing native plugins compatible for Editor in 0.87 ms, found 3 plugins.
Preloading 0 native plugins for Editor in 0.00 ms.
Mono: successfully reloaded assembly
- Completed reload, in  0.919 seconds
Platform modules already initialized, skipping
Shader 'Universal Render Pipeline/Particles/Lit': fallback shader 'Universal Render Pipeline/Particles/SimpleLit' not found
Refreshing native plugins compatible for Editor in 0.87 ms, found 3 plugins.
Preloading 0 native plugins for Editor in 0.00 ms.
Unloading 3355 Unused Serialized files (Serialized files now loaded: 0)
System memory in use before: 147.4 MB.
System memory in use after: 147.7 MB.

Unloading 17 unused Assets to reduce memory usage. Loaded Objects now: 3985.
Total: 2.581600 ms (FindLiveObjects: 0.375800 ms CreateObjectMapping: 0.114600 ms MarkObjects: 2.073500 ms  DeleteObjects: 0.016500 ms)

AssetImportParameters requested are different than current active one (requested -> active):
  custom:framework-win-MediaFoundation: 216162199b28c13a410421893ffa2e32 -> 
  custom:video-decoder-ogg-theora: a1e56fd34408186e4bbccfd4996cb3dc -> 
  custom:container-muxer-webm: aa71ff27fc2769a1b78a27578f13a17b -> 
  custom:container-demuxer-webm: 4f35f7cbe854078d1ac9338744f61a02 -> 
  custom:container-demuxer-ogg: 62fdf1f143b41e24485cea50d1cbac27 -> 
  custom:video-encoder-webm-vp8: eb34c28f22e8b96e1ab97ce403110664 -> 
  custom:video-decoder-webm-vp8: 9c59270c3fd7afecdb556c50c9e8de78 -> 
  custom:audio-decoder-ogg-vorbis: bf7c407c2cedff20999df2af8eb42d56 -> 
  custom:audio-encoder-webm-vorbis: bf7c407c2cedff20999df2af8eb42d56 -> 
AssetImportWorkerClient::OnTransportError - code=2 error=End of file
